<?xml version="1.0" encoding="UTF-8"?>
<Site BuildName="(empty)"
	BuildStamp="20240209-0823-Experimental"
	Name="vlad"
	Generator="ctest-3.16.3"
	CompilerName="/usr/bin/clang++"
	CompilerVersion="10.0.0"
	OSName="Linux"
	Hostname="vlad"
	OSRelease="5.4.0-170-generic"
	OSVersion="#188-Ubuntu SMP Wed Jan 10 09:51:10 UTC 2024"
	OSPlatform="aarch64"
	Is64Bits="1"
	VendorString=""
	VendorID="Unknown Manufacturer"
	FamilyID="8"
	ModelID="0"
	ProcessorCacheSize="0"
	NumberOfLogicalCPU="6"
	NumberOfPhysicalCPU="1"
	TotalVirtualMemory="4095"
	TotalPhysicalMemory="3919"
	LogicalProcessorsPerPhysical="6"
	ProcessorClockFrequency="0"
	>
	<Testing>
		<StartDateTime>Feb 09 13:11 MSK</StartDateTime>
		<StartTestTime>1707473483</StartTestTime>
		<TestList/>
		<EndDateTime>Feb 09 13:11 MSK</EndDateTime>
		<EndTestTime>1707473483</EndTestTime>
		<ElapsedMinutes>0</ElapsedMinutes>
	</Testing>
</Site>
