<?xml version="1.0" encoding="UTF-8"?>
<Site BuildName="(empty)"
	BuildStamp="20231219-0821-Experimental"
	Name="roman-Nitro"
	Generator="ctest-3.16.3"
	CompilerName="/usr/bin/g++"
	CompilerVersion="9.4.0"
	OSName="Linux"
	Hostname="roman-Nitro"
	OSRelease="5.15.0-91-generic"
	OSVersion="#101~20.04.1-Ubuntu SMP Thu Nov 16 14:22:28 UTC 2023"
	OSPlatform="x86_64"
	Is64Bits="1"
	VendorString="AuthenticAMD"
	VendorID="Advanced Micro Devices"
	FamilyID="23"
	ModelID="96"
	ProcessorCacheSize="512"
	NumberOfLogicalCPU="12"
	NumberOfPhysicalCPU="6"
	TotalVirtualMemory="2047"
	TotalPhysicalMemory="15351"
	LogicalProcessorsPerPhysical="2"
	ProcessorClockFrequency="3000"
	>
	<Testing>
		<StartDateTime>Dec 20 00:28 MSK</StartDateTime>
		<StartTestTime>1703021334</StartTestTime>
		<TestList/>
		<EndDateTime>Dec 20 00:28 MSK</EndDateTime>
		<EndTestTime>1703021334</EndTestTime>
		<ElapsedMinutes>0</ElapsedMinutes>
	</Testing>
</Site>
